<?xml version="1.0" encoding="UTF-8"?>
<testsuite xmlns:xsi="http://www.w3.org/2001/XMLSchema-instance" xsi:noNamespaceSchemaLocation="https://maven.apache.org/surefire/maven-surefire-plugin/xsd/surefire-test-report.xsd" version="3.0.2" name="com.donald.demo.temporaldemoserver.TemporalServerDemonstrationApplicationTests" time="2.661" tests="2" errors="0" skipped="0" failures="0">
  <properties>
[...]
</properties>
  <testcase name="testHello" classname="com.donald.demo.temporaldemoserver.TemporalServerDemonstrationApplicationTests" time="1.543">
    <system-out><![CDATA[
  .   ____          _            __ _ _
 /\\ / ___'_ __ _ _(_)_ __  __ _ \ \ \ \
( ( )\___ | '_ | '_| | '_ \/ _` | \ \ \ \
 \\/  ___)| |_)| | | | | || (_| |  ) ) ) )
  '  |____| .__|_| |_|_| |_\__, | / / / /
 =========|_|==============|___/=/_/_/_/

 :: Spring Boot ::                (v3.4.2)

16:54:57.158 INFO  - Starting TemporalServerDemonstrationApplicationTests using Java 21.0.5 with PID 36167 (started by donald in /Users/donald/stuff/source/applications/temporal-spring-demo/temporal-demo-server) 
16:54:57.159 DEBUG - Running with Spring Boot v3.4.2, Spring v6.2.2 
16:54:57.159 INFO  - The following 1 profile is active: "test" 
16:54:57.696 INFO  - Created WorkflowServiceStubs for channel: ManagedChannelOrphanWrapper{delegate=ManagedChannelImpl{logId=2, target=directaddress:///8fe57b9a-d49e-401a-b23a-03feed0c065e}} 
16:54:57.697 INFO  - Created TestServiceStubs for channel: ManagedChannelOrphanWrapper{delegate=ManagedChannelImpl{logId=2, target=directaddress:///8fe57b9a-d49e-401a-b23a-03feed0c065e}} 
16:54:57.699 INFO  - Created OperatorServiceStubs for channel: ManagedChannelOrphanWrapper{delegate=ManagedChannelImpl{logId=2, target=directaddress:///8fe57b9a-d49e-401a-b23a-03feed0c065e}} 
16:54:57.837 INFO  - Creating configured worker for a task queue HelloDemoTaskQueue 
16:54:57.845 INFO  - Registering configured workflow class class com.donald.demo.temporaldemoserver.hello.HelloWorkflowImpl on a task queue 'HelloDemoTaskQueue' 
16:54:57.847 INFO  - Registering configured activity bean 'helloActivityImpl' of a class com.donald.demo.temporaldemoserver.hello.HelloActivityImpl class on task queue 'HelloDemoTaskQueue' 
16:54:57.847 INFO  - Creating configured worker for a task queue TransferMoneyDemoTaskQueue 
16:54:57.848 INFO  - Registering configured workflow class class com.donald.demo.temporaldemoserver.transfermoney.TransferMoneyWorkflowImpl on a task queue 'TransferMoneyDemoTaskQueue' 
16:54:57.849 INFO  - Creating configured worker for a task queue TransferMoneyDemoActivityTaskQueue 
16:54:57.849 INFO  - Registering configured activity bean 'accountTransferActivitiesImpl' of a class com.donald.demo.temporaldemoserver.transfermoney.AccountTransferActivitiesImpl class on task queue 'TransferMoneyDemoActivityTaskQueue' 
16:54:57.849 INFO  - Creating configured worker for a task queue ManageNamespaceTaskQueue 
16:54:57.849 INFO  - Registering configured workflow class class com.donald.demo.temporaldemoserver.namespace.workflows.ManageNamespaceImpl on a task queue 'ManageNamespaceTaskQueue' 
16:54:57.850 INFO  - Registering configured workflow class class com.donald.demo.temporaldemoserver.namespace.workflows.DeleteNamespaceImpl on a task queue 'ManageNamespaceTaskQueue' 
16:54:57.850 INFO  - Registering configured workflow class class com.donald.demo.temporaldemoserver.namespace.workflows.ScheduleNamesapceCertRotationImpl on a task queue 'ManageNamespaceTaskQueue' 
16:54:57.850 INFO  - Creating configured worker for a task queue ManageNamespaceActivityTaskQueue 
16:54:57.850 INFO  - Registering configured activity bean 'certificateManagementImpl' of a class com.donald.demo.temporaldemoserver.namespace.activities.CertificateManagementImpl class on task queue 'ManageNamespaceActivityTaskQueue' 
16:54:57.851 INFO  - Registering configured activity bean 'namespaceManagementImpl' of a class com.donald.demo.temporaldemoserver.namespace.activities.NamespaceManagementImpl class on task queue 'ManageNamespaceActivityTaskQueue' 
16:54:57.860 INFO  - Skip registering of auto-discovered workflow class class com.donald.demo.temporaldemoserver.hello.HelloWorkflowImpl on a worker with a task queue 'HelloDemoTaskQueue' as workflow type 'HelloWorkflow' is already registered on the worker 
16:54:57.861 INFO  - Skip registering of auto-discovered workflow class class com.donald.demo.temporaldemoserver.transfermoney.TransferMoneyWorkflowImpl on a worker with a task queue 'TransferMoneyDemoTaskQueue' as workflow type 'TransferMoneyWorkflow' is already registered on the worker 
16:54:57.861 INFO  - Skipping auto-discovered activity bean 'helloActivityImpl' of class class com.donald.demo.temporaldemoserver.hello.HelloActivityImpl on a worker  with a task queue 'HelloDemoTaskQueue' as activity type 'Hello' is already registered on the worker 
16:54:57.917 INFO  - Exposing 0 endpoints beneath base path '/actuator' 
16:54:57.941 INFO  - Started TemporalServerDemonstrationApplicationTests in 0.884 seconds (process running for 1.234) 
16:54:57.994 INFO  - start: Poller{name=Workflow Poller taskQueue="ManageNamespaceTaskQueue", namespace="donald-demo.sdvdw", identity=36167@tannoch.local} 
16:54:57.996 INFO  - start: Poller{name=Activity Poller taskQueue="ManageNamespaceActivityTaskQueue", namespace="donald-demo.sdvdw", identity=36167@tannoch.local} 
16:54:57.999 INFO  - start: Poller{name=Workflow Poller taskQueue="HelloDemoTaskQueue", namespace="donald-demo.sdvdw", identity=36167@tannoch.local} 
16:54:58.002 INFO  - start: Poller{name=Activity Poller taskQueue="HelloDemoTaskQueue", namespace="donald-demo.sdvdw", identity=36167@tannoch.local} 
16:54:58.003 INFO  - start: Poller{name=Workflow Poller taskQueue="TransferMoneyDemoTaskQueue", namespace="donald-demo.sdvdw", identity=36167@tannoch.local} 
16:54:58.003 INFO  - start: Poller{name=Activity Poller taskQueue="TransferMoneyDemoActivityTaskQueue", namespace="donald-demo.sdvdw", identity=36167@tannoch.local} 
16:54:58.510 INFO  - Donald Forbes 
16:54:58.511 INFO  - The workflow scheduled time is [null] 
]]></system-out>
    <system-err><![CDATA[Mockito is currently self-attaching to enable the inline-mock-maker. This will no longer work in future releases of the JDK. Please add Mockito as an agent to your build what is described in Mockito's documentation: https://javadoc.io/doc/org.mockito/mockito-core/latest/org/mockito/Mockito.html#0.3
WARNING: A Java agent has been loaded dynamically (/Users/donald/.m2/repository/net/bytebuddy/byte-buddy-agent/1.15.11/byte-buddy-agent-1.15.11.jar)
WARNING: If a serviceability tool is in use, please run with -XX:+EnableDynamicAgentLoading to hide this warning
WARNING: If a serviceability tool is not in use, please run with -Djdk.instrument.traceUsage for more information
WARNING: Dynamic loading of agents will be disallowed by default in a future release
]]></system-err>
  </testcase>
  <testcase name="contextLoads" classname="com.donald.demo.temporaldemoserver.TemporalServerDemonstrationApplicationTests" time="0.002"/>
</testsuite>