<?xml version="1.0" encoding="UTF-8"?>
<testsuite xmlns:xsi="http://www.w3.org/2001/XMLSchema-instance" xsi:noNamespaceSchemaLocation="https://maven.apache.org/surefire/maven-surefire-plugin/xsd/surefire-test-report.xsd" version="3.0.2" name="com.donald.demo.ui.TemporalDemoUiApplicationTests" time="2.425" tests="1" errors="0" skipped="0" failures="0">
  <properties>
[...]
</properties>
  <testcase name="contextLoads" classname="com.donald.demo.ui.TemporalDemoUiApplicationTests" time="0.351">
    <system-out><![CDATA[16:55:00.700 INFO  - Could not detect default configuration classes for test class [com.donald.demo.ui.TemporalDemoUiApplicationTests]: TemporalDemoUiApplicationTests does not declare any static, non-private, non-final, nested classes annotated with @Configuration. 
16:55:00.738 INFO  - Found @SpringBootConfiguration com.donald.demo.ui.TemporalDemoUiApplication for test class com.donald.demo.ui.TemporalDemoUiApplicationTests 

  .   ____          _            __ _ _
 /\\ / ___'_ __ _ _(_)_ __  __ _ \ \ \ \
( ( )\___ | '_ | '_| | '_ \/ _` | \ \ \ \
 \\/  ___)| |_)| | | | | || (_| |  ) ) ) )
  '  |____| .__|_| |_|_| |_\__, | / / / /
 =========|_|==============|___/=/_/_/_/

 :: Spring Boot ::                (v3.4.2)

16:55:00.875 INFO  - Starting TemporalDemoUiApplicationTests using Java 21.0.5 with PID 36205 (started by donald in /Users/donald/stuff/source/applications/temporal-spring-demo/temporal-demo-ui) 
16:55:00.876 DEBUG - Running with Spring Boot v3.4.2, Spring v6.2.2 
16:55:00.876 INFO  - No active profile set, falling back to 1 default profile: "default" 
16:55:01.797 INFO  - Created WorkflowServiceStubs for channel: ManagedChannelOrphanWrapper{delegate=ManagedChannelImpl{logId=1, target=donald-demo.sdvdw.tmprl.cloud:7233}} 
16:55:02.024 INFO  - Started TemporalDemoUiApplicationTests in 1.244 seconds (process running for 1.605) 
]]></system-out>
    <system-err><![CDATA[Mockito is currently self-attaching to enable the inline-mock-maker. This will no longer work in future releases of the JDK. Please add Mockito as an agent to your build what is described in Mockito's documentation: https://javadoc.io/doc/org.mockito/mockito-core/latest/org/mockito/Mockito.html#0.3
WARNING: A Java agent has been loaded dynamically (/Users/donald/.m2/repository/net/bytebuddy/byte-buddy-agent/1.15.11/byte-buddy-agent-1.15.11.jar)
WARNING: If a serviceability tool is in use, please run with -XX:+EnableDynamicAgentLoading to hide this warning
WARNING: If a serviceability tool is not in use, please run with -Djdk.instrument.traceUsage for more information
WARNING: Dynamic loading of agents will be disallowed by default in a future release
]]></system-err>
  </testcase>
</testsuite>